<?xml version="1.0" encoding="utf-8" standalone="no"?>
<!--This file represents the results of running a test suite-->
<test-results name="C:\Users\Jesse\Desktop\ATM\ATM\ATM\bin\Debug\ATM.dll" total="1" errors="0" failures="0" not-run="0" inconclusive="0" ignored="0" skipped="0" invalid="0" date="2015-02-16" time="19:40:17">
  <environment nunit-version="2.6.4.14350" clr-version="2.0.50727.8009" os-version="Microsoft Windows NT 6.2.9200.0" platform="Win32NT" cwd="C:\Program Files (x86)\NUnit 2.6.4\bin" machine-name="DIONYSUS" user="Jesse" user-domain="DIONYSUS" />
  <culture-info current-culture="en-US" current-uiculture="en-US" />
  <test-suite type="Assembly" name="C:\Users\Jesse\Desktop\ATM\ATM\ATM\bin\Debug\ATM.dll" executed="True" result="Success" success="True" time="0.085" asserts="0">
    <results>
      <test-suite type="Namespace" name="ATM" executed="True" result="Success" success="True" time="0.066" asserts="0">
        <results>
          <test-suite type="TestFixture" name="UT_UserAccount" executed="True" result="Success" success="True" time="0.063" asserts="0">
            <results>
              <test-case name="ATM.UT_UserAccount.TestTransfer" executed="True" result="Success" success="True" time="0.050" asserts="4" />
            </results>
          </test-suite>
        </results>
      </test-suite>
    </results>
  </test-suite>
</test-results>